<?xml version="1.0" encoding="UTF-8"?>
<robot generator="Robot 3.2.2 (Python 3.9.0 on win32)" generated="20201213 11:45:54.953" rpa="false">
<suite id="s1" name="Hello" source="C:\qaninja\twp\hello.robot">
<test id="s1-t1" name="Deve retornar mensagem de boas vindas">
<kw name="Hello Robot" library="hello">
<arguments>
<arg>Jander Cerqueira</arg>
</arguments>
<assign>
<var>${resultado}</var>
</assign>
<msg timestamp="20201213 11:45:54.995" level="INFO">${resultado} = Olá, Jander Cerqueira.</msg>
<status status="PASS" starttime="20201213 11:45:54.995" endtime="20201213 11:45:54.995"></status>
</kw>
<kw name="Should Be Equal" library="BuiltIn">
<doc>Fails if the given objects are unequal.</doc>
<arguments>
<arg>${resultado}</arg>
<arg>Olá, Jander Cerqueira.</arg>
</arguments>
<status status="PASS" starttime="20201213 11:45:54.996" endtime="20201213 11:45:54.996"></status>
</kw>
<status status="PASS" starttime="20201213 11:45:54.992" endtime="20201213 11:45:54.997" critical="yes"></status>
</test>
<status status="PASS" starttime="20201213 11:45:54.956" endtime="20201213 11:45:54.998"></status>
</suite>
<statistics>
<total>
<stat pass="1" fail="0">Critical Tests</stat>
<stat pass="1" fail="0">All Tests</stat>
</total>
<tag>
</tag>
<suite>
<stat pass="1" fail="0" id="s1" name="Hello">Hello</stat>
</suite>
</statistics>
<errors>
</errors>
</robot>
