<?xml version="1.0" encoding="UTF-8"?>
<robot generator="Robot 3.2.2 (Python 3.9.0 on win32)" generated="20201215 23:36:54.980" rpa="false">
<suite id="s1" name="Home" source="C:\qaninja\twp\home.robot">
<test id="s1-t1" name="Deve abrir a tela principal">
<kw name="Open Application" library="AppiumLibrary">
<doc>Opens a new application to given Appium server.
Capabilities of appium server, Android and iOS,
Please check https://github.com/appium/appium/blob/master/docs/en/writing-running-appium/server-args.md
| *Option*            | *Man.* | *Description*     |
| remote_url          | Yes    | Appium server url |
| alias               | no     | alias             |</doc>
<arguments>
<arg>http://localhost:4723/wd/hub</arg>
<arg>automationName=UiAutomator2</arg>
<arg>platformName=Android</arg>
<arg>deviceName=Emulator</arg>
<arg>app=${EXECDIR}/app/twp.apk</arg>
<arg>udid=emulator-5554</arg>
<arg>adbExecTimeout=120000</arg>
</arguments>
<status status="PASS" starttime="20201215 23:36:55.526" endtime="20201215 23:37:12.280"></status>
</kw>
<kw name="Wait Until Page Contains" library="AppiumLibrary">
<doc>Waits until `text` appears on current page.</doc>
<arguments>
<arg>Training Wheels Protocol</arg>
<arg>5</arg>
</arguments>
<status status="PASS" starttime="20201215 23:37:12.295" endtime="20201215 23:37:17.859"></status>
</kw>
<kw name="Wait Until Page Contains" library="AppiumLibrary">
<doc>Waits until `text` appears on current page.</doc>
<arguments>
<arg>Mobile Version</arg>
</arguments>
<status status="PASS" starttime="20201215 23:37:17.861" endtime="20201215 23:37:18.036"></status>
</kw>
<kw name="Close Application" library="AppiumLibrary">
<doc>Closes the current application and also close webdriver session.</doc>
<status status="PASS" starttime="20201215 23:37:18.037" endtime="20201215 23:37:19.922"></status>
</kw>
<status status="PASS" starttime="20201215 23:36:55.525" endtime="20201215 23:37:20.125" critical="yes"></status>
</test>
<status status="PASS" starttime="20201215 23:36:54.984" endtime="20201215 23:37:20.270"></status>
</suite>
<statistics>
<total>
<stat pass="1" fail="0">Critical Tests</stat>
<stat pass="1" fail="0">All Tests</stat>
</total>
<tag>
</tag>
<suite>
<stat pass="1" fail="0" id="s1" name="Home">Home</stat>
</suite>
</statistics>
<errors>
</errors>
</robot>
