<?xml version="1.0" encoding="UTF-8"?>
<robot generator="Robot 3.2.2 (Python 3.9.0 on win32)" generated="20201217 00:07:29.812" rpa="false">
<suite id="s1" name="Nav" source="C:\qaninja\twp\nav.robot">
<test id="s1-t1" name="Deve acessar a tela Dialogs">
<kw name="Open Application" library="AppiumLibrary">
<doc>Opens a new application to given Appium server.
Capabilities of appium server, Android and iOS,
Please check https://github.com/appium/appium/blob/master/docs/en/writing-running-appium/server-args.md
| *Option*            | *Man.* | *Description*     |
| remote_url          | Yes    | Appium server url |
| alias               | no     | alias             |</doc>
<arguments>
<arg>http://localhost:4723/wd/hub</arg>
<arg>automationName=UiAutomator2</arg>
<arg>platformName=Android</arg>
<arg>deviceName=Emulator</arg>
<arg>app=${EXECDIR}/app/twp.apk</arg>
<arg>udid=emulator-5554</arg>
<arg>adbExecTimeout=120000</arg>
</arguments>
<status status="PASS" starttime="20201217 00:07:30.123" endtime="20201217 00:07:54.214"></status>
</kw>
<kw name="Wait Until Page Contains" library="AppiumLibrary">
<doc>Waits until `text` appears on current page.</doc>
<arguments>
<arg>COMEÇAR</arg>
<arg>5</arg>
</arguments>
<status status="PASS" starttime="20201217 00:07:54.221" endtime="20201217 00:08:02.419"></status>
</kw>
<kw name="Click Text" library="AppiumLibrary">
<doc>Click text identified by ``text``.</doc>
<arguments>
<arg>COMEÇAR</arg>
</arguments>
<status status="PASS" starttime="20201217 00:08:02.421" endtime="20201217 00:08:04.017"></status>
</kw>
<kw name="Wait Until Element Is Visible" library="AppiumLibrary">
<doc>Waits until element specified with `locator` is visible.</doc>
<arguments>
<arg>xpath=//android.widget.ImageButton[@content-desc="Open navigation drawer"]</arg>
<arg>5</arg>
</arguments>
<status status="PASS" starttime="20201217 00:08:04.048" endtime="20201217 00:08:06.792"></status>
</kw>
<kw name="Click Element" library="AppiumLibrary">
<doc>Click element identified by `locator`.</doc>
<arguments>
<arg>xpath=//android.widget.ImageButton[@content-desc="Open navigation drawer"]</arg>
</arguments>
<msg timestamp="20201217 00:08:06.797" level="INFO">Clicking element 'xpath=//android.widget.ImageButton[@content-desc="Open navigation drawer"]'.</msg>
<status status="PASS" starttime="20201217 00:08:06.794" endtime="20201217 00:08:07.458"></status>
</kw>
<kw name="Wait Until Element Is Visible" library="AppiumLibrary">
<doc>Waits until element specified with `locator` is visible.</doc>
<arguments>
<arg>id=io.qaninja.android.twp:id/navView</arg>
<arg>5</arg>
</arguments>
<status status="PASS" starttime="20201217 00:08:07.468" endtime="20201217 00:08:10.494"></status>
</kw>
<kw name="Click Text" library="AppiumLibrary">
<doc>Click text identified by ``text``.</doc>
<arguments>
<arg>DIALOGS</arg>
</arguments>
<status status="PASS" starttime="20201217 00:08:10.495" endtime="20201217 00:08:11.408"></status>
</kw>
<kw name="Wait Until Element Is Visible" library="AppiumLibrary">
<doc>Waits until element specified with `locator` is visible.</doc>
<arguments>
<arg>id=io.qaninja.android.twp:id/toolbarTitle</arg>
<arg>5</arg>
</arguments>
<status status="PASS" starttime="20201217 00:08:11.409" endtime="20201217 00:08:12.734"></status>
</kw>
<kw name="Element Text Should Be" library="AppiumLibrary">
<doc>Verifies element identified by ``locator`` exactly contains text ``expected``.</doc>
<arguments>
<arg>id=io.qaninja.android.twp:id/toolbarTitle</arg>
<arg>DIALOGS</arg>
</arguments>
<msg timestamp="20201217 00:08:12.737" level="INFO">Verifying element 'id=io.qaninja.android.twp:id/toolbarTitle' contains exactly text 'DIALOGS'.</msg>
<status status="PASS" starttime="20201217 00:08:12.734" endtime="20201217 00:08:12.867"></status>
</kw>
<kw name="Close Application" library="AppiumLibrary">
<doc>Closes the current application and also close webdriver session.</doc>
<status status="PASS" starttime="20201217 00:08:12.868" endtime="20201217 00:08:18.385"></status>
</kw>
<status status="PASS" starttime="20201217 00:07:30.123" endtime="20201217 00:08:18.402" critical="yes"></status>
</test>
<test id="s1-t2" name="Deve acessar a tela Forms">
<kw name="Open Application" library="AppiumLibrary">
<doc>Opens a new application to given Appium server.
Capabilities of appium server, Android and iOS,
Please check https://github.com/appium/appium/blob/master/docs/en/writing-running-appium/server-args.md
| *Option*            | *Man.* | *Description*     |
| remote_url          | Yes    | Appium server url |
| alias               | no     | alias             |</doc>
<arguments>
<arg>http://localhost:4723/wd/hub</arg>
<arg>automationName=UiAutomator2</arg>
<arg>platformName=Android</arg>
<arg>deviceName=Emulator</arg>
<arg>app=${EXECDIR}/app/twp.apk</arg>
<arg>udid=emulator-5554</arg>
<arg>adbExecTimeout=120000</arg>
</arguments>
<status status="PASS" starttime="20201217 00:08:18.471" endtime="20201217 00:08:42.427"></status>
</kw>
<kw name="Wait Until Page Contains" library="AppiumLibrary">
<doc>Waits until `text` appears on current page.</doc>
<arguments>
<arg>COMEÇAR</arg>
<arg>5</arg>
</arguments>
<msg timestamp="20201217 00:08:50.569" level="INFO">&lt;?xml version='1.0' encoding='UTF-8' standalone='yes' ?&gt;
&lt;hierarchy index="0" class="hierarchy" rotation="0" width="1080" height="1794"&gt;
  &lt;android.widget.FrameLayout index="0" package="io.qaninja.android.twp" class="android.widget.FrameLayout" text="" checkable="false" checked="false" clickable="false" enabled="true" focusable="false" focused="false" long-clickable="false" password="false" scrollable="false" selected="false" bounds="[0,0][1080,1794]" displayed="true"&gt;
    &lt;android.widget.LinearLayout index="0" package="io.qaninja.android.twp" class="android.widget.LinearLayout" text="" checkable="false" checked="false" clickable="false" enabled="true" focusable="false" focused="false" long-clickable="false" password="false" scrollable="false" selected="false" bounds="[0,0][1080,1794]" displayed="true"&gt;
      &lt;android.widget.FrameLayout index="0" package="io.qaninja.android.twp" class="android.widget.FrameLayout" text="" checkable="false" checked="false" clickable="false" enabled="true" focusable="false" focused="false" long-clickable="false" password="false" scrollable="false" selected="false" bounds="[0,63][1080,1794]" displayed="true"&gt;
        &lt;android.widget.LinearLayout index="0" package="io.qaninja.android.twp" class="android.widget.LinearLayout" text="" resource-id="io.qaninja.android.twp:id/action_bar_root" checkable="false" checked="false" clickable="false" enabled="true" focusable="false" focused="false" long-clickable="false" password="false" scrollable="false" selected="false" bounds="[0,63][1080,1794]" displayed="true"&gt;
          &lt;android.widget.FrameLayout index="0" package="io.qaninja.android.twp" class="android.widget.FrameLayout" text="" resource-id="android:id/content" checkable="false" checked="false" clickable="false" enabled="true" focusable="false" focused="false" long-clickable="false" password="false" scrollable="false" selected="false" bounds="[0,63][1080,1794]" displayed="true"&gt;
            &lt;android.widget.LinearLayout index="0" package="io.qaninja.android.twp" class="android.widget.LinearLayout" text="" resource-id="io.qaninja.android.twp:id/mi_frame" checkable="false" checked="false" clickable="false" enabled="true" focusable="false" focused="false" long-clickable="false" password="false" scrollable="false" selected="false" bounds="[0,63][1080,1794]" displayed="true"&gt;
              &lt;androidx.viewpager.widget.ViewPager index="0" package="io.qaninja.android.twp" class="androidx.viewpager.widget.ViewPager" text="" resource-id="io.qaninja.android.twp:id/mi_pager" checkable="false" checked="false" clickable="false" enabled="true" focusable="true" focused="false" long-clickable="false" password="false" scrollable="true" selected="false" bounds="[0,63][1080,1477]" displayed="true"&gt;
                &lt;android.widget.LinearLayout index="0" package="io.qaninja.android.twp" class="android.widget.LinearLayout" text="" checkable="false" checked="false" clickable="false" enabled="true" focusable="false" focused="false" long-clickable="false" password="false" scrollable="false" selected="false" bounds="[0,63][1080,1477]" displayed="true"&gt;
                  &lt;android.widget.ImageView index="0" package="io.qaninja.android.twp" class="android.widget.ImageView" text="" content-desc="Icon" resource-id="io.qaninja.android.twp:id/mi_image" checkable="false" checked="false" clickable="false" enabled="true" focusable="false" focused="false" long-clickable="false" password="false" scrollable="false" selected="false" bounds="[382,231][697,546]" displayed="true" /&gt;
                  &lt;android.widget.TextView index="1" package="io.qaninja.android.twp" class="android.widget.TextView" text="QA Ninja" resource-id="io.qaninja.android.twp:id/mi_title" checkable="false" checked="false" clickable="false" enabled="true" focusable="false" focused="false" long-clickable="false" password="false" scrollable="false" selected="false" bounds="[84,714][996,805]" displayed="true" /&gt;
                  &lt;android.widget.TextView index="2" package="io.qaninja.android.twp" class="android.widget.TextView" text="Training Wheels Protocol &amp;#10; Mobile Version" resource-id="io.qaninja.android.twp:id/mi_description" checkable="false" checked="false" clickable="false" enabled="true" focusable="false" focused="false" long-clickable="false" password="false" scrollable="false" selected="false" bounds="[84,847][996,953]" displayed="true" /&gt;
                &lt;/android.widget.LinearLayout&gt;
              &lt;/androidx.viewpager.widget.ViewPager&gt;
              &lt;android.widget.LinearLayout index="1" package="io.qaninja.android.twp" class="android.widget.LinearLayout" text="" checkable="false" checked="false" clickable="false" enabled="true" focusable="false" focused="false" long-clickable="false" password="false" scrollable="false" selected="false" bounds="[0,1477][1080,1794]" displayed="true"&gt;
                &lt;android.widget.LinearLayout index="0" package="io.qaninja.android.twp" class="android.widget.LinearLayout" text="" checkable="false" checked="false" clickable="false" enabled="true" focusable="false" focused="false" long-clickable="false" password="false" scrollable="false" selected="false" bounds="[231,1498][849,1794]" displayed="true"&gt;
                  &lt;android.widget.TextSwitcher index="0" package="io.qaninja.android.twp" class="android.widget.TextSwitcher" text="" resource-id="io.qaninja.android.twp:id/mi_button_cta" checkable="false" checked="false" clickable="false" enabled="true" focusable="false" focused="false" long-clickable="false" password="false" scrollable="false" selected="false" bounds="[381,1498][698,1624]" displayed="true"&gt;
                    &lt;android.widget.Button index="0" package="io.qaninja.android.twp" class="android.widget.Button" text="COMEÇAR" checkable="false" checked="false" clickable="true" enabled="true" focusable="true" focused="false" long-clickable="false" password="false" scrollable="false" selected="false" bounds="[410,1498][669,1624]" displayed="true" /&gt;
                  &lt;/android.widget.TextSwitcher&gt;
                  &lt;android.view.View index="1" package="io.qaninja.android.twp" class="android.view.View" text="" resource-id="io.qaninja.android.twp:id/mi_pager_indicator" checkable="false" checked="false" clickable="false" enabled="true" focusable="false" focused="false" long-clickable="false" password="false" scrollable="false" selected="false" bounds="[231,1666][849,1692]" displayed="true" /&gt;
                &lt;/android.widget.LinearLayout&gt;
              &lt;/android.widget.LinearLayout&gt;
            &lt;/android.widget.LinearLayout&gt;
          &lt;/android.widget.FrameLayout&gt;
        &lt;/android.widget.LinearLayout&gt;
      &lt;/android.widget.FrameLayout&gt;
    &lt;/android.widget.LinearLayout&gt;
  &lt;/android.widget.FrameLayout&gt;
&lt;/hierarchy&gt;</msg>
<kw name="Capture Page Screenshot" library="AppiumLibrary">
<doc>Takes a screenshot of the current page and embeds it into the log.</doc>
<msg timestamp="20201217 00:08:51.401" level="INFO" html="yes">&lt;/td&gt;&lt;/tr&gt;&lt;tr&gt;&lt;td colspan="3"&gt;&lt;a href="appium-screenshot-1.png"&gt;&lt;img src="appium-screenshot-1.png" width="800px"&gt;&lt;/a&gt;</msg>
<status status="PASS" starttime="20201217 00:08:50.570" endtime="20201217 00:08:51.401"></status>
</kw>
<msg timestamp="20201217 00:08:51.402" level="FAIL">Text 'COMEÇAR' did not appear in 5 seconds</msg>
<status status="FAIL" starttime="20201217 00:08:42.470" endtime="20201217 00:08:51.402"></status>
</kw>
<status status="FAIL" starttime="20201217 00:08:18.470" endtime="20201217 00:08:51.403" critical="yes">Text 'COMEÇAR' did not appear in 5 seconds</status>
</test>
<status status="FAIL" starttime="20201217 00:07:29.814" endtime="20201217 00:08:51.406"></status>
</suite>
<statistics>
<total>
<stat pass="1" fail="1">Critical Tests</stat>
<stat pass="1" fail="1">All Tests</stat>
</total>
<tag>
</tag>
<suite>
<stat pass="1" fail="1" id="s1" name="Nav">Nav</stat>
</suite>
</statistics>
<errors>
</errors>
</robot>
